{"C:\\Users\\abdul\\Desktop\\phase 2\\Ip-hck83-p2\\abdul\\Server\\app.js": {"path":"C:\\Users\\abdul\\Desktop\\phase 2\\Ip-hck83-p2\\abdul\\Server\\app.js","statementMap":{"0":{"start":{"line":1,"column":0},"end":{"line":1,"column":27}},"1":{"start":{"line":2,"column":16},"end":{"line":2,"column":34}},"2":{"start":{"line":3,"column":12},"end":{"line":3,"column":21}},"3":{"start":{"line":4,"column":19},"end":{"line":4,"column":54}},"4":{"start":{"line":5,"column":23},"end":{"line":5,"column":62}},"5":{"start":{"line":6,"column":23},"end":{"line":6,"column":62}},"6":{"start":{"line":7,"column":22},"end":{"line":7,"column":60}},"7":{"start":{"line":8,"column":21},"end":{"line":8,"column":58}},"8":{"start":{"line":9,"column":11},"end":{"line":9,"column":26}},"9":{"start":{"line":13,"column":4},"end":{"line":13,"column":47}},"10":{"start":{"line":16,"column":0},"end":{"line":16,"column":48}},"11":{"start":{"line":17,"column":0},"end":{"line":17,"column":24}},"12":{"start":{"line":18,"column":0},"end":{"line":18,"column":16}},"13":{"start":{"line":19,"column":0},"end":{"line":19,"column":47}},"14":{"start":{"line":20,"column":0},"end":{"line":20,"column":41}},"15":{"start":{"line":21,"column":0},"end":{"line":21,"column":55}},"16":{"start":{"line":23,"column":0},"end":{"line":23,"column":55}},"17":{"start":{"line":24,"column":0},"end":{"line":24,"column":24}},"18":{"start":{"line":25,"column":0},"end":{"line":25,"column":30}},"19":{"start":{"line":26,"column":0},"end":{"line":26,"column":43}},"20":{"start":{"line":27,"column":0},"end":{"line":27,"column":56}},"21":{"start":{"line":28,"column":0},"end":{"line":28,"column":50}},"22":{"start":{"line":29,"column":0},"end":{"line":29,"column":42}},"23":{"start":{"line":31,"column":0},"end":{"line":31,"column":59}},"24":{"start":{"line":32,"column":0},"end":{"line":32,"column":46}},"25":{"start":{"line":33,"column":0},"end":{"line":33,"column":44}},"26":{"start":{"line":34,"column":0},"end":{"line":34,"column":59}},"27":{"start":{"line":35,"column":0},"end":{"line":35,"column":60}},"28":{"start":{"line":36,"column":0},"end":{"line":36,"column":46}},"29":{"start":{"line":39,"column":0},"end":{"line":39,"column":22}},"30":{"start":{"line":47,"column":0},"end":{"line":47,"column":21}}},"fnMap":{},"branchMap":{},"s":{"0":1,"1":1,"2":1,"3":1,"4":1,"5":1,"6":1,"7":1,"8":1,"9":1,"10":1,"11":1,"12":1,"13":1,"14":1,"15":1,"16":1,"17":1,"18":1,"19":1,"20":1,"21":1,"22":1,"23":1,"24":1,"25":1,"26":1,"27":1,"28":1,"29":1,"30":1},"f":{},"b":{},"_coverageSchema":"1a1c01bbd47fc00a2c39e90264f33305004495a9","hash":"8e13b3cb22cb24745746bc29a837945de766d1e4"}
,"C:\\Users\\abdul\\Desktop\\phase 2\\Ip-hck83-p2\\abdul\\Server\\controllers\\authController.js": {"path":"C:\\Users\\abdul\\Desktop\\phase 2\\Ip-hck83-p2\\abdul\\Server\\controllers\\authController.js","statementMap":{"0":{"start":{"line":1,"column":42},"end":{"line":1,"column":68}},"1":{"start":{"line":2,"column":26},"end":{"line":2,"column":51}},"2":{"start":{"line":3,"column":25},"end":{"line":3,"column":55}},"3":{"start":{"line":4,"column":15},"end":{"line":4,"column":33}},"4":{"start":{"line":6,"column":17},"end":{"line":6,"column":37}},"5":{"start":{"line":8,"column":0},"end":{"line":108,"column":2}},"6":{"start":{"line":10,"column":6},"end":{"line":30,"column":7}},"7":{"start":{"line":11,"column":47},"end":{"line":11,"column":55}},"8":{"start":{"line":13,"column":20},"end":{"line":17,"column":11}},"9":{"start":{"line":19,"column":9},"end":{"line":26,"column":12}},"10":{"start":{"line":28,"column":9},"end":{"line":28,"column":28}},"11":{"start":{"line":29,"column":9},"end":{"line":29,"column":21}},"12":{"start":{"line":33,"column":6},"end":{"line":77,"column":7}},"13":{"start":{"line":34,"column":37},"end":{"line":34,"column":45}},"14":{"start":{"line":35,"column":9},"end":{"line":40,"column":10}},"15":{"start":{"line":36,"column":12},"end":{"line":39,"column":14}},"16":{"start":{"line":41,"column":9},"end":{"line":46,"column":10}},"17":{"start":{"line":42,"column":12},"end":{"line":45,"column":14}},"18":{"start":{"line":47,"column":20},"end":{"line":51,"column":11}},"19":{"start":{"line":52,"column":9},"end":{"line":57,"column":10}},"20":{"start":{"line":53,"column":12},"end":{"line":56,"column":14}},"21":{"start":{"line":58,"column":23},"end":{"line":58,"column":63}},"22":{"start":{"line":59,"column":9},"end":{"line":64,"column":10}},"23":{"start":{"line":60,"column":12},"end":{"line":63,"column":14}},"24":{"start":{"line":65,"column":23},"end":{"line":68,"column":10}},"25":{"start":{"line":69,"column":21},"end":{"line":69,"column":43}},"26":{"start":{"line":70,"column":9},"end":{"line":73,"column":12}},"27":{"start":{"line":75,"column":9},"end":{"line":75,"column":28}},"28":{"start":{"line":76,"column":9},"end":{"line":76,"column":21}},"29":{"start":{"line":80,"column":6},"end":{"line":106,"column":7}},"30":{"start":{"line":81,"column":33},"end":{"line":81,"column":41}},"31":{"start":{"line":82,"column":9},"end":{"line":83,"column":78}},"32":{"start":{"line":83,"column":12},"end":{"line":83,"column":78}},"33":{"start":{"line":85,"column":24},"end":{"line":88,"column":11}},"34":{"start":{"line":89,"column":9},"end":{"line":89,"column":51}},"35":{"start":{"line":91,"column":25},"end":{"line":91,"column":44}},"36":{"start":{"line":93,"column":24},"end":{"line":99,"column":11}},"37":{"start":{"line":100,"column":9},"end":{"line":100,"column":47}},"38":{"start":{"line":102,"column":30},"end":{"line":102,"column":60}},"39":{"start":{"line":103,"column":9},"end":{"line":103,"column":48}},"40":{"start":{"line":105,"column":9},"end":{"line":105,"column":19}}},"fnMap":{"0":{"name":"(anonymous_0)","decl":{"start":{"line":9,"column":3},"end":{"line":9,"column":4}},"loc":{"start":{"line":9,"column":41},"end":{"line":31,"column":4}},"line":9},"1":{"name":"(anonymous_1)","decl":{"start":{"line":32,"column":3},"end":{"line":32,"column":4}},"loc":{"start":{"line":32,"column":38},"end":{"line":78,"column":4}},"line":32},"2":{"name":"(anonymous_2)","decl":{"start":{"line":79,"column":3},"end":{"line":79,"column":4}},"loc":{"start":{"line":79,"column":44},"end":{"line":107,"column":4}},"line":79}},"branchMap":{"0":{"loc":{"start":{"line":35,"column":9},"end":{"line":40,"column":10}},"type":"if","locations":[{"start":{"line":35,"column":9},"end":{"line":40,"column":10}},{"start":{},"end":{}}],"line":35},"1":{"loc":{"start":{"line":41,"column":9},"end":{"line":46,"column":10}},"type":"if","locations":[{"start":{"line":41,"column":9},"end":{"line":46,"column":10}},{"start":{},"end":{}}],"line":41},"2":{"loc":{"start":{"line":52,"column":9},"end":{"line":57,"column":10}},"type":"if","locations":[{"start":{"line":52,"column":9},"end":{"line":57,"column":10}},{"start":{},"end":{}}],"line":52},"3":{"loc":{"start":{"line":59,"column":9},"end":{"line":64,"column":10}},"type":"if","locations":[{"start":{"line":59,"column":9},"end":{"line":64,"column":10}},{"start":{},"end":{}}],"line":59},"4":{"loc":{"start":{"line":82,"column":9},"end":{"line":83,"column":78}},"type":"if","locations":[{"start":{"line":82,"column":9},"end":{"line":83,"column":78}},{"start":{},"end":{}}],"line":82}},"s":{"0":1,"1":1,"2":1,"3":1,"4":1,"5":1,"6":4,"7":4,"8":4,"9":0,"10":4,"11":4,"12":4,"13":4,"14":4,"15":1,"16":3,"17":0,"18":3,"19":0,"20":0,"21":0,"22":0,"23":0,"24":0,"25":0,"26":0,"27":4,"28":4,"29":0,"30":0,"31":0,"32":0,"33":0,"34":0,"35":0,"36":0,"37":0,"38":0,"39":0,"40":0},"f":{"0":4,"1":4,"2":0},"b":{"0":[1,3],"1":[0,3],"2":[0,0],"3":[0,0],"4":[0,0]},"_coverageSchema":"1a1c01bbd47fc00a2c39e90264f33305004495a9","hash":"8254f34baae87f8db577f18209f253ca22386e16"}
,"C:\\Users\\abdul\\Desktop\\phase 2\\Ip-hck83-p2\\abdul\\Server\\controllers\\controller.js": {"path":"C:\\Users\\abdul\\Desktop\\phase 2\\Ip-hck83-p2\\abdul\\Server\\controllers\\controller.js","statementMap":{"0":{"start":{"line":1,"column":37},"end":{"line":1,"column":63}},"1":{"start":{"line":2,"column":28},"end":{"line":2,"column":53}},"2":{"start":{"line":3,"column":15},"end":{"line":3,"column":35}},"3":{"start":{"line":5,"column":0},"end":{"line":251,"column":2}},"4":{"start":{"line":7,"column":6},"end":{"line":24,"column":7}},"5":{"start":{"line":8,"column":30},"end":{"line":8,"column":38}},"6":{"start":{"line":9,"column":24},"end":{"line":9,"column":35}},"7":{"start":{"line":10,"column":9},"end":{"line":16,"column":11}},"8":{"start":{"line":18,"column":9},"end":{"line":20,"column":12}},"9":{"start":{"line":22,"column":9},"end":{"line":22,"column":28}},"10":{"start":{"line":23,"column":9},"end":{"line":23,"column":21}},"11":{"start":{"line":27,"column":6},"end":{"line":66,"column":7}},"12":{"start":{"line":28,"column":67},"end":{"line":28,"column":76}},"13":{"start":{"line":29,"column":24},"end":{"line":29,"column":42}},"14":{"start":{"line":30,"column":23},"end":{"line":30,"column":25}},"15":{"start":{"line":31,"column":9},"end":{"line":35,"column":10}},"16":{"start":{"line":32,"column":12},"end":{"line":34,"column":14}},"17":{"start":{"line":36,"column":9},"end":{"line":49,"column":10}},"18":{"start":{"line":38,"column":29},"end":{"line":38,"column":37}},"19":{"start":{"line":39,"column":12},"end":{"line":44,"column":13}},"20":{"start":{"line":40,"column":15},"end":{"line":43,"column":35}},"21":{"start":{"line":42,"column":30},"end":{"line":42,"column":38}},"22":{"start":{"line":45,"column":12},"end":{"line":45,"column":69}},"23":{"start":{"line":46,"column":12},"end":{"line":48,"column":13}},"24":{"start":{"line":47,"column":15},"end":{"line":47,"column":56}},"25":{"start":{"line":50,"column":27},"end":{"line":50,"column":60}},"26":{"start":{"line":51,"column":33},"end":{"line":56,"column":11}},"27":{"start":{"line":58,"column":9},"end":{"line":63,"column":12}},"28":{"start":{"line":65,"column":9},"end":{"line":65,"column":21}},"29":{"start":{"line":69,"column":6},"end":{"line":81,"column":7}},"30":{"start":{"line":70,"column":24},"end":{"line":70,"column":34}},"31":{"start":{"line":71,"column":20},"end":{"line":71,"column":43}},"32":{"start":{"line":72,"column":9},"end":{"line":74,"column":10}},"33":{"start":{"line":73,"column":12},"end":{"line":73,"column":66}},"34":{"start":{"line":75,"column":9},"end":{"line":77,"column":12}},"35":{"start":{"line":79,"column":9},"end":{"line":79,"column":28}},"36":{"start":{"line":80,"column":9},"end":{"line":80,"column":21}},"37":{"start":{"line":84,"column":6},"end":{"line":107,"column":7}},"38":{"start":{"line":85,"column":28},"end":{"line":85,"column":38}},"39":{"start":{"line":86,"column":24},"end":{"line":86,"column":35}},"40":{"start":{"line":87,"column":20},"end":{"line":87,"column":47}},"41":{"start":{"line":88,"column":9},"end":{"line":90,"column":10}},"42":{"start":{"line":89,"column":12},"end":{"line":89,"column":66}},"43":{"start":{"line":91,"column":28},"end":{"line":93,"column":11}},"44":{"start":{"line":94,"column":9},"end":{"line":99,"column":10}},"45":{"start":{"line":95,"column":12},"end":{"line":98,"column":14}},"46":{"start":{"line":100,"column":9},"end":{"line":100,"column":71}},"47":{"start":{"line":101,"column":9},"end":{"line":104,"column":12}},"48":{"start":{"line":106,"column":9},"end":{"line":106,"column":21}},"49":{"start":{"line":110,"column":6},"end":{"line":124,"column":7}},"50":{"start":{"line":111,"column":24},"end":{"line":111,"column":35}},"51":{"start":{"line":112,"column":31},"end":{"line":115,"column":11}},"52":{"start":{"line":117,"column":9},"end":{"line":119,"column":10}},"53":{"start":{"line":118,"column":12},"end":{"line":118,"column":80}},"54":{"start":{"line":121,"column":9},"end":{"line":121,"column":55}},"55":{"start":{"line":123,"column":9},"end":{"line":123,"column":21}},"56":{"start":{"line":127,"column":6},"end":{"line":148,"column":7}},"57":{"start":{"line":128,"column":24},"end":{"line":128,"column":34}},"58":{"start":{"line":130,"column":30},"end":{"line":130,"column":61}},"59":{"start":{"line":132,"column":9},"end":{"line":134,"column":10}},"60":{"start":{"line":133,"column":12},"end":{"line":133,"column":75}},"61":{"start":{"line":135,"column":9},"end":{"line":140,"column":10}},"62":{"start":{"line":136,"column":12},"end":{"line":139,"column":14}},"63":{"start":{"line":141,"column":9},"end":{"line":141,"column":38}},"64":{"start":{"line":143,"column":9},"end":{"line":145,"column":12}},"65":{"start":{"line":147,"column":9},"end":{"line":147,"column":21}},"66":{"start":{"line":151,"column":6},"end":{"line":196,"column":7}},"67":{"start":{"line":152,"column":23},"end":{"line":152,"column":41}},"68":{"start":{"line":153,"column":9},"end":{"line":158,"column":10}},"69":{"start":{"line":154,"column":12},"end":{"line":157,"column":14}},"70":{"start":{"line":159,"column":20},"end":{"line":159,"column":40}},"71":{"start":{"line":160,"column":9},"end":{"line":165,"column":12}},"72":{"start":{"line":161,"column":12},"end":{"line":164,"column":14}},"73":{"start":{"line":166,"column":24},"end":{"line":171,"column":13}},"74":{"start":{"line":168,"column":31},"end":{"line":168,"column":60}},"75":{"start":{"line":172,"column":28},"end":{"line":172,"column":57}},"76":{"start":{"line":173,"column":30},"end":{"line":173,"column":52}},"77":{"start":{"line":174,"column":24},"end":{"line":174,"column":26}},"78":{"start":{"line":175,"column":9},"end":{"line":186,"column":10}},"79":{"start":{"line":176,"column":25},"end":{"line":178,"column":14}},"80":{"start":{"line":180,"column":12},"end":{"line":185,"column":13}},"81":{"start":{"line":181,"column":15},"end":{"line":184,"column":18}},"82":{"start":{"line":188,"column":9},"end":{"line":192,"column":12}},"83":{"start":{"line":194,"column":9},"end":{"line":194,"column":62}},"84":{"start":{"line":195,"column":9},"end":{"line":195,"column":21}},"85":{"start":{"line":199,"column":6},"end":{"line":214,"column":7}},"86":{"start":{"line":200,"column":28},"end":{"line":208,"column":11}},"87":{"start":{"line":209,"column":9},"end":{"line":211,"column":12}},"88":{"start":{"line":210,"column":46},"end":{"line":210,"column":56}},"89":{"start":{"line":213,"column":9},"end":{"line":213,"column":21}},"90":{"start":{"line":217,"column":6},"end":{"line":233,"column":7}},"91":{"start":{"line":219,"column":28},"end":{"line":227,"column":11}},"92":{"start":{"line":228,"column":9},"end":{"line":230,"column":12}},"93":{"start":{"line":229,"column":46},"end":{"line":229,"column":56}},"94":{"start":{"line":232,"column":9},"end":{"line":232,"column":21}},"95":{"start":{"line":236,"column":6},"end":{"line":249,"column":7}},"96":{"start":{"line":237,"column":24},"end":{"line":237,"column":35}},"97":{"start":{"line":238,"column":22},"end":{"line":240,"column":11}},"98":{"start":{"line":241,"column":9},"end":{"line":243,"column":10}},"99":{"start":{"line":242,"column":12},"end":{"line":242,"column":66}},"100":{"start":{"line":244,"column":9},"end":{"line":246,"column":12}},"101":{"start":{"line":248,"column":9},"end":{"line":248,"column":21}}},"fnMap":{"0":{"name":"(anonymous_0)","decl":{"start":{"line":6,"column":3},"end":{"line":6,"column":4}},"loc":{"start":{"line":6,"column":46},"end":{"line":25,"column":4}},"line":6},"1":{"name":"(anonymous_1)","decl":{"start":{"line":26,"column":3},"end":{"line":26,"column":4}},"loc":{"start":{"line":26,"column":37},"end":{"line":67,"column":4}},"line":26},"2":{"name":"(anonymous_2)","decl":{"start":{"line":42,"column":23},"end":{"line":42,"column":24}},"loc":{"start":{"line":42,"column":30},"end":{"line":42,"column":38}},"line":42},"3":{"name":"(anonymous_3)","decl":{"start":{"line":68,"column":3},"end":{"line":68,"column":4}},"loc":{"start":{"line":68,"column":43},"end":{"line":82,"column":4}},"line":68},"4":{"name":"(anonymous_4)","decl":{"start":{"line":83,"column":3},"end":{"line":83,"column":4}},"loc":{"start":{"line":83,"column":48},"end":{"line":108,"column":4}},"line":83},"5":{"name":"(anonymous_5)","decl":{"start":{"line":109,"column":3},"end":{"line":109,"column":4}},"loc":{"start":{"line":109,"column":49},"end":{"line":125,"column":4}},"line":109},"6":{"name":"(anonymous_6)","decl":{"start":{"line":126,"column":3},"end":{"line":126,"column":4}},"loc":{"start":{"line":126,"column":51},"end":{"line":149,"column":4}},"line":126},"7":{"name":"(anonymous_7)","decl":{"start":{"line":150,"column":3},"end":{"line":150,"column":4}},"loc":{"start":{"line":150,"column":52},"end":{"line":197,"column":4}},"line":150},"8":{"name":"(anonymous_8)","decl":{"start":{"line":160,"column":25},"end":{"line":160,"column":26}},"loc":{"start":{"line":160,"column":33},"end":{"line":165,"column":10}},"line":160},"9":{"name":"(anonymous_9)","decl":{"start":{"line":168,"column":23},"end":{"line":168,"column":24}},"loc":{"start":{"line":168,"column":31},"end":{"line":168,"column":60}},"line":168},"10":{"name":"(anonymous_10)","decl":{"start":{"line":198,"column":3},"end":{"line":198,"column":4}},"loc":{"start":{"line":198,"column":43},"end":{"line":215,"column":4}},"line":198},"11":{"name":"(anonymous_11)","decl":{"start":{"line":210,"column":39},"end":{"line":210,"column":40}},"loc":{"start":{"line":210,"column":46},"end":{"line":210,"column":56}},"line":210},"12":{"name":"(anonymous_12)","decl":{"start":{"line":216,"column":3},"end":{"line":216,"column":4}},"loc":{"start":{"line":216,"column":49},"end":{"line":234,"column":4}},"line":216},"13":{"name":"(anonymous_13)","decl":{"start":{"line":229,"column":39},"end":{"line":229,"column":40}},"loc":{"start":{"line":229,"column":46},"end":{"line":229,"column":56}},"line":229},"14":{"name":"(anonymous_14)","decl":{"start":{"line":235,"column":3},"end":{"line":235,"column":4}},"loc":{"start":{"line":235,"column":43},"end":{"line":250,"column":4}},"line":235}},"branchMap":{"0":{"loc":{"start":{"line":28,"column":32},"end":{"line":28,"column":40}},"type":"default-arg","locations":[{"start":{"line":28,"column":39},"end":{"line":28,"column":40}}],"line":28},"1":{"loc":{"start":{"line":28,"column":42},"end":{"line":28,"column":52}},"type":"default-arg","locations":[{"start":{"line":28,"column":50},"end":{"line":28,"column":52}}],"line":28},"2":{"loc":{"start":{"line":31,"column":9},"end":{"line":35,"column":10}},"type":"if","locations":[{"start":{"line":31,"column":9},"end":{"line":35,"column":10}},{"start":{},"end":{}}],"line":31},"3":{"loc":{"start":{"line":36,"column":9},"end":{"line":49,"column":10}},"type":"if","locations":[{"start":{"line":36,"column":9},"end":{"line":49,"column":10}},{"start":{},"end":{}}],"line":36},"4":{"loc":{"start":{"line":39,"column":12},"end":{"line":44,"column":13}},"type":"if","locations":[{"start":{"line":39,"column":12},"end":{"line":44,"column":13}},{"start":{},"end":{}}],"line":39},"5":{"loc":{"start":{"line":46,"column":12},"end":{"line":48,"column":13}},"type":"if","locations":[{"start":{"line":46,"column":12},"end":{"line":48,"column":13}},{"start":{},"end":{}}],"line":46},"6":{"loc":{"start":{"line":46,"column":16},"end":{"line":46,"column":66}},"type":"binary-expr","locations":[{"start":{"line":46,"column":16},"end":{"line":46,"column":41}},{"start":{"line":46,"column":45},"end":{"line":46,"column":66}}],"line":46},"7":{"loc":{"start":{"line":50,"column":27},"end":{"line":50,"column":60}},"type":"cond-expr","locations":[{"start":{"line":50,"column":46},"end":{"line":50,"column":52}},{"start":{"line":50,"column":55},"end":{"line":50,"column":60}}],"line":50},"8":{"loc":{"start":{"line":72,"column":9},"end":{"line":74,"column":10}},"type":"if","locations":[{"start":{"line":72,"column":9},"end":{"line":74,"column":10}},{"start":{},"end":{}}],"line":72},"9":{"loc":{"start":{"line":88,"column":9},"end":{"line":90,"column":10}},"type":"if","locations":[{"start":{"line":88,"column":9},"end":{"line":90,"column":10}},{"start":{},"end":{}}],"line":88},"10":{"loc":{"start":{"line":94,"column":9},"end":{"line":99,"column":10}},"type":"if","locations":[{"start":{"line":94,"column":9},"end":{"line":99,"column":10}},{"start":{},"end":{}}],"line":94},"11":{"loc":{"start":{"line":117,"column":9},"end":{"line":119,"column":10}},"type":"if","locations":[{"start":{"line":117,"column":9},"end":{"line":119,"column":10}},{"start":{},"end":{}}],"line":117},"12":{"loc":{"start":{"line":117,"column":13},"end":{"line":117,"column":57}},"type":"binary-expr","locations":[{"start":{"line":117,"column":13},"end":{"line":117,"column":27}},{"start":{"line":117,"column":31},"end":{"line":117,"column":57}}],"line":117},"13":{"loc":{"start":{"line":132,"column":9},"end":{"line":134,"column":10}},"type":"if","locations":[{"start":{"line":132,"column":9},"end":{"line":134,"column":10}},{"start":{},"end":{}}],"line":132},"14":{"loc":{"start":{"line":135,"column":9},"end":{"line":140,"column":10}},"type":"if","locations":[{"start":{"line":135,"column":9},"end":{"line":140,"column":10}},{"start":{},"end":{}}],"line":135},"15":{"loc":{"start":{"line":153,"column":9},"end":{"line":158,"column":10}},"type":"if","locations":[{"start":{"line":153,"column":9},"end":{"line":158,"column":10}},{"start":{},"end":{}}],"line":153},"16":{"loc":{"start":{"line":180,"column":12},"end":{"line":185,"column":13}},"type":"if","locations":[{"start":{"line":180,"column":12},"end":{"line":185,"column":13}},{"start":{},"end":{}}],"line":180},"17":{"loc":{"start":{"line":241,"column":9},"end":{"line":243,"column":10}},"type":"if","locations":[{"start":{"line":241,"column":9},"end":{"line":243,"column":10}},{"start":{},"end":{}}],"line":241}},"s":{"0":1,"1":1,"2":1,"3":1,"4":0,"5":0,"6":0,"7":0,"8":0,"9":0,"10":0,"11":0,"12":0,"13":0,"14":0,"15":0,"16":0,"17":0,"18":0,"19":0,"20":0,"21":0,"22":0,"23":0,"24":0,"25":0,"26":0,"27":0,"28":0,"29":0,"30":0,"31":0,"32":0,"33":0,"34":0,"35":0,"36":0,"37":0,"38":0,"39":0,"40":0,"41":0,"42":0,"43":0,"44":0,"45":0,"46":0,"47":0,"48":0,"49":0,"50":0,"51":0,"52":0,"53":0,"54":0,"55":0,"56":0,"57":0,"58":0,"59":0,"60":0,"61":0,"62":0,"63":0,"64":0,"65":0,"66":0,"67":0,"68":0,"69":0,"70":0,"71":0,"72":0,"73":0,"74":0,"75":0,"76":0,"77":0,"78":0,"79":0,"80":0,"81":0,"82":0,"83":0,"84":0,"85":0,"86":0,"87":0,"88":0,"89":0,"90":0,"91":0,"92":0,"93":0,"94":0,"95":0,"96":0,"97":0,"98":0,"99":0,"100":0,"101":0},"f":{"0":0,"1":0,"2":0,"3":0,"4":0,"5":0,"6":0,"7":0,"8":0,"9":0,"10":0,"11":0,"12":0,"13":0,"14":0},"b":{"0":[0],"1":[0],"2":[0,0],"3":[0,0],"4":[0,0],"5":[0,0],"6":[0,0],"7":[0,0],"8":[0,0],"9":[0,0],"10":[0,0],"11":[0,0],"12":[0,0],"13":[0,0],"14":[0,0],"15":[0,0],"16":[0,0],"17":[0,0]},"_coverageSchema":"1a1c01bbd47fc00a2c39e90264f33305004495a9","hash":"0eff2a7eb45175256c101c220f9f5484bc183214"}
,"C:\\Users\\abdul\\Desktop\\phase 2\\Ip-hck83-p2\\abdul\\Server\\controllers\\midTransController.js": {"path":"C:\\Users\\abdul\\Desktop\\phase 2\\Ip-hck83-p2\\abdul\\Server\\controllers\\midTransController.js","statementMap":{"0":{"start":{"line":2,"column":23},"end":{"line":2,"column":49}},"1":{"start":{"line":3,"column":30},"end":{"line":3,"column":50}},"2":{"start":{"line":5,"column":13},"end":{"line":8,"column":2}},"3":{"start":{"line":12,"column":16},"end":{"line":12,"column":24}},"4":{"start":{"line":13,"column":19},"end":{"line":13,"column":51}},"5":{"start":{"line":14,"column":21},"end":{"line":25,"column":4}},"6":{"start":{"line":27,"column":3},"end":{"line":38,"column":4}},"7":{"start":{"line":29,"column":6},"end":{"line":33,"column":9}},"8":{"start":{"line":34,"column":26},"end":{"line":34,"column":65}},"9":{"start":{"line":35,"column":6},"end":{"line":35,"column":59}},"10":{"start":{"line":37,"column":6},"end":{"line":37,"column":30}},"11":{"start":{"line":43,"column":3},"end":{"line":72,"column":4}},"12":{"start":{"line":44,"column":27},"end":{"line":44,"column":35}},"13":{"start":{"line":45,"column":29},"end":{"line":45,"column":78}},"14":{"start":{"line":46,"column":47},"end":{"line":46,"column":61}},"15":{"start":{"line":48,"column":19},"end":{"line":48,"column":23}},"16":{"start":{"line":49,"column":6},"end":{"line":53,"column":7}},"17":{"start":{"line":50,"column":9},"end":{"line":50,"column":57}},"18":{"start":{"line":51,"column":13},"end":{"line":53,"column":7}},"19":{"start":{"line":52,"column":9},"end":{"line":52,"column":51}},"20":{"start":{"line":55,"column":6},"end":{"line":60,"column":7}},"21":{"start":{"line":56,"column":9},"end":{"line":59,"column":11}},"22":{"start":{"line":61,"column":6},"end":{"line":68,"column":7}},"23":{"start":{"line":67,"column":9},"end":{"line":67,"column":71}},"24":{"start":{"line":69,"column":6},"end":{"line":69,"column":46}},"25":{"start":{"line":71,"column":6},"end":{"line":71,"column":51}},"26":{"start":{"line":75,"column":0},"end":{"line":75,"column":59}}},"fnMap":{"0":{"name":"createTransaction","decl":{"start":{"line":10,"column":15},"end":{"line":10,"column":32}},"loc":{"start":{"line":10,"column":43},"end":{"line":39,"column":1}},"line":10},"1":{"name":"handleNotification","decl":{"start":{"line":42,"column":15},"end":{"line":42,"column":33}},"loc":{"start":{"line":42,"column":44},"end":{"line":73,"column":1}},"line":42}},"branchMap":{"0":{"loc":{"start":{"line":20,"column":21},"end":{"line":20,"column":44}},"type":"binary-expr","locations":[{"start":{"line":20,"column":21},"end":{"line":20,"column":34}},{"start":{"line":20,"column":38},"end":{"line":20,"column":44}}],"line":20},"1":{"loc":{"start":{"line":49,"column":6},"end":{"line":53,"column":7}},"type":"if","locations":[{"start":{"line":49,"column":6},"end":{"line":53,"column":7}},{"start":{"line":51,"column":13},"end":{"line":53,"column":7}}],"line":49},"2":{"loc":{"start":{"line":51,"column":13},"end":{"line":53,"column":7}},"type":"if","locations":[{"start":{"line":51,"column":13},"end":{"line":53,"column":7}},{"start":{},"end":{}}],"line":51},"3":{"loc":{"start":{"line":51,"column":17},"end":{"line":51,"column":58}},"type":"binary-expr","locations":[{"start":{"line":51,"column":17},"end":{"line":51,"column":25}},{"start":{"line":51,"column":29},"end":{"line":51,"column":58}}],"line":51},"4":{"loc":{"start":{"line":55,"column":6},"end":{"line":60,"column":7}},"type":"if","locations":[{"start":{"line":55,"column":6},"end":{"line":60,"column":7}},{"start":{},"end":{}}],"line":55},"5":{"loc":{"start":{"line":61,"column":6},"end":{"line":68,"column":7}},"type":"if","locations":[{"start":{"line":61,"column":6},"end":{"line":68,"column":7}},{"start":{},"end":{}}],"line":61},"6":{"loc":{"start":{"line":62,"column":9},"end":{"line":64,"column":45}},"type":"binary-expr","locations":[{"start":{"line":62,"column":9},"end":{"line":62,"column":15}},{"start":{"line":63,"column":10},"end":{"line":63,"column":45}},{"start":{"line":64,"column":12},"end":{"line":64,"column":44}}],"line":62}},"s":{"0":1,"1":1,"2":1,"3":0,"4":0,"5":0,"6":0,"7":0,"8":0,"9":0,"10":0,"11":0,"12":0,"13":0,"14":0,"15":0,"16":0,"17":0,"18":0,"19":0,"20":0,"21":0,"22":0,"23":0,"24":0,"25":0,"26":1},"f":{"0":0,"1":0},"b":{"0":[0,0],"1":[0,0],"2":[0,0],"3":[0,0],"4":[0,0],"5":[0,0],"6":[0,0,0]},"_coverageSchema":"1a1c01bbd47fc00a2c39e90264f33305004495a9","hash":"850fd60bc8e91ed39202db4e9dbf1d88041e17d5"}
,"C:\\Users\\abdul\\Desktop\\phase 2\\Ip-hck83-p2\\abdul\\Server\\helpers\\hash.js": {"path":"C:\\Users\\abdul\\Desktop\\phase 2\\Ip-hck83-p2\\abdul\\Server\\helpers\\hash.js","statementMap":{"0":{"start":{"line":1,"column":15},"end":{"line":1,"column":34}},"1":{"start":{"line":3,"column":21},"end":{"line":6,"column":1}},"2":{"start":{"line":4,"column":22},"end":{"line":4,"column":24}},"3":{"start":{"line":5,"column":3},"end":{"line":5,"column":48}},"4":{"start":{"line":8,"column":24},"end":{"line":10,"column":1}},"5":{"start":{"line":9,"column":3},"end":{"line":9,"column":55}},"6":{"start":{"line":12,"column":0},"end":{"line":12,"column":51}}},"fnMap":{"0":{"name":"(anonymous_0)","decl":{"start":{"line":3,"column":21},"end":{"line":3,"column":22}},"loc":{"start":{"line":3,"column":35},"end":{"line":6,"column":1}},"line":3},"1":{"name":"(anonymous_1)","decl":{"start":{"line":8,"column":24},"end":{"line":8,"column":25}},"loc":{"start":{"line":8,"column":54},"end":{"line":10,"column":1}},"line":8}},"branchMap":{},"s":{"0":1,"1":1,"2":2,"3":2,"4":1,"5":0,"6":1},"f":{"0":2,"1":0},"b":{},"_coverageSchema":"1a1c01bbd47fc00a2c39e90264f33305004495a9","hash":"df01e504a45791a2f4538691bdd2511a2861881e"}
,"C:\\Users\\abdul\\Desktop\\phase 2\\Ip-hck83-p2\\abdul\\Server\\helpers\\jwt.js": {"path":"C:\\Users\\abdul\\Desktop\\phase 2\\Ip-hck83-p2\\abdul\\Server\\helpers\\jwt.js","statementMap":{"0":{"start":{"line":1,"column":12},"end":{"line":1,"column":35}},"1":{"start":{"line":2,"column":0},"end":{"line":2,"column":27}},"2":{"start":{"line":4,"column":19},"end":{"line":4,"column":41}},"3":{"start":{"line":5,"column":0},"end":{"line":18,"column":2}},"4":{"start":{"line":7,"column":22},"end":{"line":11,"column":7}},"5":{"start":{"line":12,"column":6},"end":{"line":12,"column":55}},"6":{"start":{"line":16,"column":6},"end":{"line":16,"column":43}}},"fnMap":{"0":{"name":"(anonymous_0)","decl":{"start":{"line":6,"column":18},"end":{"line":6,"column":19}},"loc":{"start":{"line":6,"column":28},"end":{"line":13,"column":4}},"line":6},"1":{"name":"(anonymous_1)","decl":{"start":{"line":15,"column":16},"end":{"line":15,"column":17}},"loc":{"start":{"line":15,"column":27},"end":{"line":17,"column":4}},"line":15}},"branchMap":{},"s":{"0":1,"1":1,"2":1,"3":1,"4":0,"5":0,"6":20},"f":{"0":0,"1":20},"b":{},"_coverageSchema":"1a1c01bbd47fc00a2c39e90264f33305004495a9","hash":"ee6353e5c6bc369611ec5b04c47070c6d7f1daf7"}
,"C:\\Users\\abdul\\Desktop\\phase 2\\Ip-hck83-p2\\abdul\\Server\\helpers\\lib.js": {"path":"C:\\Users\\abdul\\Desktop\\phase 2\\Ip-hck83-p2\\abdul\\Server\\helpers\\lib.js","statementMap":{"0":{"start":{"line":2,"column":30},"end":{"line":2,"column":54}},"1":{"start":{"line":4,"column":23},"end":{"line":4,"column":49}},"2":{"start":{"line":6,"column":11},"end":{"line":6,"column":54}},"3":{"start":{"line":9,"column":3},"end":{"line":31,"column":4}},"4":{"start":{"line":10,"column":23},"end":{"line":22,"column":8}},"5":{"start":{"line":23,"column":6},"end":{"line":23,"column":27}},"6":{"start":{"line":25,"column":6},"end":{"line":25,"column":56}},"7":{"start":{"line":27,"column":6},"end":{"line":29,"column":7}},"8":{"start":{"line":28,"column":9},"end":{"line":28,"column":73}},"9":{"start":{"line":30,"column":6},"end":{"line":30,"column":18}},"10":{"start":{"line":33,"column":0},"end":{"line":35,"column":2}}},"fnMap":{"0":{"name":"generateContent","decl":{"start":{"line":8,"column":15},"end":{"line":8,"column":30}},"loc":{"start":{"line":8,"column":39},"end":{"line":32,"column":1}},"line":8}},"branchMap":{"0":{"loc":{"start":{"line":27,"column":6},"end":{"line":29,"column":7}},"type":"if","locations":[{"start":{"line":27,"column":6},"end":{"line":29,"column":7}},{"start":{},"end":{}}],"line":27},"1":{"loc":{"start":{"line":27,"column":10},"end":{"line":27,"column":57}},"type":"binary-expr","locations":[{"start":{"line":27,"column":10},"end":{"line":27,"column":24}},{"start":{"line":27,"column":28},"end":{"line":27,"column":57}}],"line":27}},"s":{"0":1,"1":1,"2":1,"3":0,"4":0,"5":0,"6":0,"7":0,"8":0,"9":0,"10":1},"f":{"0":0},"b":{"0":[0,0],"1":[0,0]},"_coverageSchema":"1a1c01bbd47fc00a2c39e90264f33305004495a9","hash":"1ac4ac3b8c71dd783fe62a2b9b0cadf2c37faed7"}
,"C:\\Users\\abdul\\Desktop\\phase 2\\Ip-hck83-p2\\abdul\\Server\\middlewares\\authentication.js": {"path":"C:\\Users\\abdul\\Desktop\\phase 2\\Ip-hck83-p2\\abdul\\Server\\middlewares\\authentication.js","statementMap":{"0":{"start":{"line":1,"column":24},"end":{"line":1,"column":49}},"1":{"start":{"line":2,"column":17},"end":{"line":2,"column":37}},"2":{"start":{"line":4,"column":0},"end":{"line":28,"column":2}},"3":{"start":{"line":5,"column":3},"end":{"line":27,"column":4}},"4":{"start":{"line":6,"column":26},"end":{"line":6,"column":51}},"5":{"start":{"line":7,"column":6},"end":{"line":9,"column":7}},"6":{"start":{"line":8,"column":9},"end":{"line":8,"column":71}},"7":{"start":{"line":10,"column":28},"end":{"line":10,"column":50}},"8":{"start":{"line":11,"column":6},"end":{"line":13,"column":7}},"9":{"start":{"line":12,"column":9},"end":{"line":12,"column":73}},"10":{"start":{"line":14,"column":19},"end":{"line":14,"column":37}},"11":{"start":{"line":15,"column":19},"end":{"line":15,"column":47}},"12":{"start":{"line":16,"column":6},"end":{"line":18,"column":7}},"13":{"start":{"line":17,"column":9},"end":{"line":17,"column":72}},"14":{"start":{"line":19,"column":6},"end":{"line":22,"column":8}},"15":{"start":{"line":24,"column":6},"end":{"line":24,"column":13}},"16":{"start":{"line":26,"column":6},"end":{"line":26,"column":18}}},"fnMap":{"0":{"name":"authentication","decl":{"start":{"line":4,"column":32},"end":{"line":4,"column":46}},"loc":{"start":{"line":4,"column":63},"end":{"line":28,"column":1}},"line":4}},"branchMap":{"0":{"loc":{"start":{"line":7,"column":6},"end":{"line":9,"column":7}},"type":"if","locations":[{"start":{"line":7,"column":6},"end":{"line":9,"column":7}},{"start":{},"end":{}}],"line":7},"1":{"loc":{"start":{"line":11,"column":6},"end":{"line":13,"column":7}},"type":"if","locations":[{"start":{"line":11,"column":6},"end":{"line":13,"column":7}},{"start":{},"end":{}}],"line":11},"2":{"loc":{"start":{"line":11,"column":10},"end":{"line":11,"column":37}},"type":"binary-expr","locations":[{"start":{"line":11,"column":10},"end":{"line":11,"column":27}},{"start":{"line":11,"column":31},"end":{"line":11,"column":37}}],"line":11},"3":{"loc":{"start":{"line":16,"column":6},"end":{"line":18,"column":7}},"type":"if","locations":[{"start":{"line":16,"column":6},"end":{"line":18,"column":7}},{"start":{},"end":{}}],"line":16}},"s":{"0":1,"1":1,"2":1,"3":27,"4":27,"5":27,"6":7,"7":20,"8":20,"9":0,"10":20,"11":0,"12":0,"13":0,"14":0,"15":0,"16":27},"f":{"0":27},"b":{"0":[7,20],"1":[0,20],"2":[20,20],"3":[0,0]},"_coverageSchema":"1a1c01bbd47fc00a2c39e90264f33305004495a9","hash":"c2bbe099933548289b1ca04db5bea14dd424c702"}
,"C:\\Users\\abdul\\Desktop\\phase 2\\Ip-hck83-p2\\abdul\\Server\\middlewares\\authorization.js": {"path":"C:\\Users\\abdul\\Desktop\\phase 2\\Ip-hck83-p2\\abdul\\Server\\middlewares\\authorization.js","statementMap":{"0":{"start":{"line":1,"column":22},"end":{"line":10,"column":1}},"1":{"start":{"line":2,"column":3},"end":{"line":2,"column":32}},"2":{"start":{"line":4,"column":3},"end":{"line":8,"column":4}},"3":{"start":{"line":5,"column":6},"end":{"line":7,"column":77}},"4":{"start":{"line":9,"column":3},"end":{"line":9,"column":10}},"5":{"start":{"line":12,"column":0},"end":{"line":12,"column":31}}},"fnMap":{"0":{"name":"(anonymous_0)","decl":{"start":{"line":1,"column":22},"end":{"line":1,"column":23}},"loc":{"start":{"line":1,"column":42},"end":{"line":10,"column":1}},"line":1}},"branchMap":{"0":{"loc":{"start":{"line":4,"column":3},"end":{"line":8,"column":4}},"type":"if","locations":[{"start":{"line":4,"column":3},"end":{"line":8,"column":4}},{"start":{},"end":{}}],"line":4}},"s":{"0":1,"1":0,"2":0,"3":0,"4":0,"5":1},"f":{"0":0},"b":{"0":[0,0]},"_coverageSchema":"1a1c01bbd47fc00a2c39e90264f33305004495a9","hash":"f6c999a53246d6254583d96e2e6c1e48259fed4b"}
,"C:\\Users\\abdul\\Desktop\\phase 2\\Ip-hck83-p2\\abdul\\Server\\middlewares\\errorHandler.js": {"path":"C:\\Users\\abdul\\Desktop\\phase 2\\Ip-hck83-p2\\abdul\\Server\\middlewares\\errorHandler.js","statementMap":{"0":{"start":{"line":1,"column":0},"end":{"line":38,"column":2}},"1":{"start":{"line":2,"column":20},"end":{"line":2,"column":23}},"2":{"start":{"line":3,"column":17},"end":{"line":3,"column":40}},"3":{"start":{"line":5,"column":3},"end":{"line":35,"column":4}},"4":{"start":{"line":6,"column":6},"end":{"line":6,"column":23}},"5":{"start":{"line":7,"column":6},"end":{"line":7,"column":50}},"6":{"start":{"line":8,"column":10},"end":{"line":35,"column":4}},"7":{"start":{"line":12,"column":6},"end":{"line":12,"column":23}},"8":{"start":{"line":13,"column":6},"end":{"line":13,"column":57}},"9":{"start":{"line":14,"column":10},"end":{"line":35,"column":4}},"10":{"start":{"line":15,"column":6},"end":{"line":15,"column":23}},"11":{"start":{"line":16,"column":6},"end":{"line":16,"column":45}},"12":{"start":{"line":17,"column":10},"end":{"line":35,"column":4}},"13":{"start":{"line":18,"column":6},"end":{"line":18,"column":23}},"14":{"start":{"line":19,"column":6},"end":{"line":19,"column":53}},"15":{"start":{"line":20,"column":10},"end":{"line":35,"column":4}},"16":{"start":{"line":21,"column":6},"end":{"line":21,"column":23}},"17":{"start":{"line":22,"column":6},"end":{"line":22,"column":32}},"18":{"start":{"line":23,"column":10},"end":{"line":35,"column":4}},"19":{"start":{"line":24,"column":6},"end":{"line":24,"column":23}},"20":{"start":{"line":25,"column":6},"end":{"line":25,"column":52}},"21":{"start":{"line":26,"column":10},"end":{"line":35,"column":4}},"22":{"start":{"line":27,"column":6},"end":{"line":27,"column":23}},"23":{"start":{"line":28,"column":6},"end":{"line":28,"column":50}},"24":{"start":{"line":29,"column":10},"end":{"line":35,"column":4}},"25":{"start":{"line":30,"column":6},"end":{"line":30,"column":23}},"26":{"start":{"line":31,"column":6},"end":{"line":31,"column":55}},"27":{"start":{"line":32,"column":10},"end":{"line":35,"column":4}},"28":{"start":{"line":33,"column":6},"end":{"line":33,"column":23}},"29":{"start":{"line":34,"column":6},"end":{"line":34,"column":50}},"30":{"start":{"line":37,"column":3},"end":{"line":37,"column":51}}},"fnMap":{"0":{"name":"(anonymous_0)","decl":{"start":{"line":1,"column":32},"end":{"line":1,"column":33}},"loc":{"start":{"line":1,"column":59},"end":{"line":38,"column":1}},"line":1}},"branchMap":{"0":{"loc":{"start":{"line":5,"column":3},"end":{"line":35,"column":4}},"type":"if","locations":[{"start":{"line":5,"column":3},"end":{"line":35,"column":4}},{"start":{"line":8,"column":10},"end":{"line":35,"column":4}}],"line":5},"1":{"loc":{"start":{"line":7,"column":16},"end":{"line":7,"column":49}},"type":"binary-expr","locations":[{"start":{"line":7,"column":16},"end":{"line":7,"column":27}},{"start":{"line":7,"column":31},"end":{"line":7,"column":49}}],"line":7},"2":{"loc":{"start":{"line":8,"column":10},"end":{"line":35,"column":4}},"type":"if","locations":[{"start":{"line":8,"column":10},"end":{"line":35,"column":4}},{"start":{"line":14,"column":10},"end":{"line":35,"column":4}}],"line":8},"3":{"loc":{"start":{"line":9,"column":6},"end":{"line":10,"column":31}},"type":"binary-expr","locations":[{"start":{"line":9,"column":6},"end":{"line":9,"column":51}},{"start":{"line":10,"column":6},"end":{"line":10,"column":31}}],"line":9},"4":{"loc":{"start":{"line":13,"column":16},"end":{"line":13,"column":56}},"type":"binary-expr","locations":[{"start":{"line":13,"column":16},"end":{"line":13,"column":27}},{"start":{"line":13,"column":31},"end":{"line":13,"column":56}}],"line":13},"5":{"loc":{"start":{"line":14,"column":10},"end":{"line":35,"column":4}},"type":"if","locations":[{"start":{"line":14,"column":10},"end":{"line":35,"column":4}},{"start":{"line":17,"column":10},"end":{"line":35,"column":4}}],"line":14},"6":{"loc":{"start":{"line":16,"column":16},"end":{"line":16,"column":44}},"type":"binary-expr","locations":[{"start":{"line":16,"column":16},"end":{"line":16,"column":27}},{"start":{"line":16,"column":31},"end":{"line":16,"column":44}}],"line":16},"7":{"loc":{"start":{"line":17,"column":10},"end":{"line":35,"column":4}},"type":"if","locations":[{"start":{"line":17,"column":10},"end":{"line":35,"column":4}},{"start":{"line":20,"column":10},"end":{"line":35,"column":4}}],"line":17},"8":{"loc":{"start":{"line":19,"column":16},"end":{"line":19,"column":52}},"type":"binary-expr","locations":[{"start":{"line":19,"column":16},"end":{"line":19,"column":27}},{"start":{"line":19,"column":31},"end":{"line":19,"column":52}}],"line":19},"9":{"loc":{"start":{"line":20,"column":10},"end":{"line":35,"column":4}},"type":"if","locations":[{"start":{"line":20,"column":10},"end":{"line":35,"column":4}},{"start":{"line":23,"column":10},"end":{"line":35,"column":4}}],"line":20},"10":{"loc":{"start":{"line":23,"column":10},"end":{"line":35,"column":4}},"type":"if","locations":[{"start":{"line":23,"column":10},"end":{"line":35,"column":4}},{"start":{"line":26,"column":10},"end":{"line":35,"column":4}}],"line":23},"11":{"loc":{"start":{"line":25,"column":16},"end":{"line":25,"column":51}},"type":"binary-expr","locations":[{"start":{"line":25,"column":16},"end":{"line":25,"column":27}},{"start":{"line":25,"column":31},"end":{"line":25,"column":51}}],"line":25},"12":{"loc":{"start":{"line":26,"column":10},"end":{"line":35,"column":4}},"type":"if","locations":[{"start":{"line":26,"column":10},"end":{"line":35,"column":4}},{"start":{"line":29,"column":10},"end":{"line":35,"column":4}}],"line":26},"13":{"loc":{"start":{"line":28,"column":16},"end":{"line":28,"column":49}},"type":"binary-expr","locations":[{"start":{"line":28,"column":16},"end":{"line":28,"column":27}},{"start":{"line":28,"column":31},"end":{"line":28,"column":49}}],"line":28},"14":{"loc":{"start":{"line":29,"column":10},"end":{"line":35,"column":4}},"type":"if","locations":[{"start":{"line":29,"column":10},"end":{"line":35,"column":4}},{"start":{"line":32,"column":10},"end":{"line":35,"column":4}}],"line":29},"15":{"loc":{"start":{"line":31,"column":16},"end":{"line":31,"column":54}},"type":"binary-expr","locations":[{"start":{"line":31,"column":16},"end":{"line":31,"column":27}},{"start":{"line":31,"column":31},"end":{"line":31,"column":54}}],"line":31},"16":{"loc":{"start":{"line":32,"column":10},"end":{"line":35,"column":4}},"type":"if","locations":[{"start":{"line":32,"column":10},"end":{"line":35,"column":4}},{"start":{},"end":{}}],"line":32},"17":{"loc":{"start":{"line":34,"column":16},"end":{"line":34,"column":49}},"type":"binary-expr","locations":[{"start":{"line":34,"column":16},"end":{"line":34,"column":27}},{"start":{"line":34,"column":31},"end":{"line":34,"column":49}}],"line":34}},"s":{"0":1,"1":35,"2":35,"3":35,"4":3,"5":3,"6":32,"7":0,"8":0,"9":32,"10":0,"11":0,"12":32,"13":7,"14":7,"15":25,"16":20,"17":20,"18":5,"19":0,"20":0,"21":5,"22":0,"23":0,"24":5,"25":0,"26":0,"27":5,"28":0,"29":0,"30":35},"f":{"0":35},"b":{"0":[3,32],"1":[3,0],"2":[0,32],"3":[32,32],"4":[0,0],"5":[0,32],"6":[0,0],"7":[7,25],"8":[7,0],"9":[20,5],"10":[0,5],"11":[0,0],"12":[0,5],"13":[0,0],"14":[0,5],"15":[0,0],"16":[0,5],"17":[0,0]},"_coverageSchema":"1a1c01bbd47fc00a2c39e90264f33305004495a9","hash":"5a2da5725031109f8f6eaa96c3cd4bf02f843680"}
,"C:\\Users\\abdul\\Desktop\\phase 2\\Ip-hck83-p2\\abdul\\Server\\models\\book.js": {"path":"C:\\Users\\abdul\\Desktop\\phase 2\\Ip-hck83-p2\\abdul\\Server\\models\\book.js","statementMap":{"0":{"start":{"line":2,"column":18},"end":{"line":2,"column":38}},"1":{"start":{"line":3,"column":0},"end":{"line":27,"column":2}},"2":{"start":{"line":6,"column":9},"end":{"line":8,"column":12}},"3":{"start":{"line":11,"column":3},"end":{"line":25,"column":5}},"4":{"start":{"line":26,"column":3},"end":{"line":26,"column":15}}},"fnMap":{"0":{"name":"(anonymous_0)","decl":{"start":{"line":3,"column":17},"end":{"line":3,"column":18}},"loc":{"start":{"line":3,"column":43},"end":{"line":27,"column":1}},"line":3},"1":{"name":"(anonymous_1)","decl":{"start":{"line":5,"column":6},"end":{"line":5,"column":7}},"loc":{"start":{"line":5,"column":31},"end":{"line":9,"column":7}},"line":5}},"branchMap":{},"s":{"0":1,"1":1,"2":1,"3":1,"4":1},"f":{"0":1,"1":1},"b":{},"_coverageSchema":"1a1c01bbd47fc00a2c39e90264f33305004495a9","hash":"57ca56d3ae84e81b9e10e6aa27baaf5043003c38"}
,"C:\\Users\\abdul\\Desktop\\phase 2\\Ip-hck83-p2\\abdul\\Server\\models\\favoritebook.js": {"path":"C:\\Users\\abdul\\Desktop\\phase 2\\Ip-hck83-p2\\abdul\\Server\\models\\favoritebook.js","statementMap":{"0":{"start":{"line":2,"column":18},"end":{"line":2,"column":38}},"1":{"start":{"line":3,"column":0},"end":{"line":25,"column":2}},"2":{"start":{"line":6,"column":9},"end":{"line":8,"column":12}},"3":{"start":{"line":9,"column":9},"end":{"line":11,"column":12}},"4":{"start":{"line":14,"column":3},"end":{"line":23,"column":5}},"5":{"start":{"line":24,"column":3},"end":{"line":24,"column":23}}},"fnMap":{"0":{"name":"(anonymous_0)","decl":{"start":{"line":3,"column":17},"end":{"line":3,"column":18}},"loc":{"start":{"line":3,"column":43},"end":{"line":25,"column":1}},"line":3},"1":{"name":"(anonymous_1)","decl":{"start":{"line":5,"column":6},"end":{"line":5,"column":7}},"loc":{"start":{"line":5,"column":31},"end":{"line":12,"column":7}},"line":5}},"branchMap":{},"s":{"0":1,"1":1,"2":1,"3":1,"4":1,"5":1},"f":{"0":1,"1":1},"b":{},"_coverageSchema":"1a1c01bbd47fc00a2c39e90264f33305004495a9","hash":"88d320228c0de29b067747f15c370c07a22957a0"}
,"C:\\Users\\abdul\\Desktop\\phase 2\\Ip-hck83-p2\\abdul\\Server\\models\\index.js": {"path":"C:\\Users\\abdul\\Desktop\\phase 2\\Ip-hck83-p2\\abdul\\Server\\models\\index.js","statementMap":{"0":{"start":{"line":3,"column":11},"end":{"line":3,"column":24}},"1":{"start":{"line":4,"column":13},"end":{"line":4,"column":28}},"2":{"start":{"line":5,"column":18},"end":{"line":5,"column":38}},"3":{"start":{"line":6,"column":16},"end":{"line":6,"column":34}},"4":{"start":{"line":7,"column":17},"end":{"line":7,"column":42}},"5":{"start":{"line":8,"column":12},"end":{"line":8,"column":49}},"6":{"start":{"line":9,"column":15},"end":{"line":9,"column":65}},"7":{"start":{"line":10,"column":11},"end":{"line":10,"column":13}},"8":{"start":{"line":13,"column":0},"end":{"line":22,"column":1}},"9":{"start":{"line":14,"column":3},"end":{"line":14,"column":75}},"10":{"start":{"line":16,"column":3},"end":{"line":21,"column":5}},"11":{"start":{"line":24,"column":0},"end":{"line":39,"column":6}},"12":{"start":{"line":26,"column":6},"end":{"line":31,"column":8}},"13":{"start":{"line":34,"column":20},"end":{"line":37,"column":7}},"14":{"start":{"line":38,"column":6},"end":{"line":38,"column":29}},"15":{"start":{"line":41,"column":0},"end":{"line":45,"column":3}},"16":{"start":{"line":42,"column":3},"end":{"line":44,"column":4}},"17":{"start":{"line":43,"column":6},"end":{"line":43,"column":34}},"18":{"start":{"line":47,"column":0},"end":{"line":47,"column":25}},"19":{"start":{"line":48,"column":0},"end":{"line":48,"column":25}},"20":{"start":{"line":50,"column":0},"end":{"line":50,"column":20}}},"fnMap":{"0":{"name":"(anonymous_0)","decl":{"start":{"line":25,"column":11},"end":{"line":25,"column":12}},"loc":{"start":{"line":25,"column":21},"end":{"line":32,"column":4}},"line":25},"1":{"name":"(anonymous_1)","decl":{"start":{"line":33,"column":12},"end":{"line":33,"column":13}},"loc":{"start":{"line":33,"column":22},"end":{"line":39,"column":4}},"line":33},"2":{"name":"(anonymous_2)","decl":{"start":{"line":41,"column":24},"end":{"line":41,"column":25}},"loc":{"start":{"line":41,"column":39},"end":{"line":45,"column":1}},"line":41}},"branchMap":{"0":{"loc":{"start":{"line":8,"column":12},"end":{"line":8,"column":49}},"type":"binary-expr","locations":[{"start":{"line":8,"column":12},"end":{"line":8,"column":32}},{"start":{"line":8,"column":36},"end":{"line":8,"column":49}}],"line":8},"1":{"loc":{"start":{"line":13,"column":0},"end":{"line":22,"column":1}},"type":"if","locations":[{"start":{"line":13,"column":0},"end":{"line":22,"column":1}},{"start":{"line":15,"column":7},"end":{"line":22,"column":1}}],"line":13},"2":{"loc":{"start":{"line":27,"column":9},"end":{"line":30,"column":40}},"type":"binary-expr","locations":[{"start":{"line":27,"column":9},"end":{"line":27,"column":32}},{"start":{"line":28,"column":9},"end":{"line":28,"column":26}},{"start":{"line":29,"column":9},"end":{"line":29,"column":33}},{"start":{"line":30,"column":9},"end":{"line":30,"column":40}}],"line":27},"3":{"loc":{"start":{"line":42,"column":3},"end":{"line":44,"column":4}},"type":"if","locations":[{"start":{"line":42,"column":3},"end":{"line":44,"column":4}},{"start":{},"end":{}}],"line":42}},"s":{"0":1,"1":1,"2":1,"3":1,"4":1,"5":1,"6":1,"7":1,"8":1,"9":0,"10":1,"11":1,"12":5,"13":4,"14":4,"15":1,"16":4,"17":4,"18":1,"19":1,"20":1},"f":{"0":5,"1":4,"2":4},"b":{"0":[1,0],"1":[0,1],"2":[5,5,4,4],"3":[4,0]},"_coverageSchema":"1a1c01bbd47fc00a2c39e90264f33305004495a9","hash":"2eb978105dcaa000e895db0390710a2542bd8a6a"}
,"C:\\Users\\abdul\\Desktop\\phase 2\\Ip-hck83-p2\\abdul\\Server\\models\\transaction.js": {"path":"C:\\Users\\abdul\\Desktop\\phase 2\\Ip-hck83-p2\\abdul\\Server\\models\\transaction.js","statementMap":{"0":{"start":{"line":2,"column":18},"end":{"line":2,"column":38}},"1":{"start":{"line":3,"column":0},"end":{"line":30,"column":2}},"2":{"start":{"line":12,"column":9},"end":{"line":15,"column":12}},"3":{"start":{"line":18,"column":3},"end":{"line":28,"column":5}},"4":{"start":{"line":29,"column":3},"end":{"line":29,"column":22}}},"fnMap":{"0":{"name":"(anonymous_0)","decl":{"start":{"line":3,"column":17},"end":{"line":3,"column":18}},"loc":{"start":{"line":3,"column":43},"end":{"line":30,"column":1}},"line":3},"1":{"name":"(anonymous_1)","decl":{"start":{"line":10,"column":6},"end":{"line":10,"column":7}},"loc":{"start":{"line":10,"column":31},"end":{"line":16,"column":7}},"line":10}},"branchMap":{},"s":{"0":1,"1":1,"2":1,"3":1,"4":1},"f":{"0":1,"1":1},"b":{},"_coverageSchema":"1a1c01bbd47fc00a2c39e90264f33305004495a9","hash":"69aef09be1933a51334c1b2bec917195beedf999"}
,"C:\\Users\\abdul\\Desktop\\phase 2\\Ip-hck83-p2\\abdul\\Server\\models\\user.js": {"path":"C:\\Users\\abdul\\Desktop\\phase 2\\Ip-hck83-p2\\abdul\\Server\\models\\user.js","statementMap":{"0":{"start":{"line":2,"column":18},"end":{"line":2,"column":38}},"1":{"start":{"line":3,"column":25},"end":{"line":3,"column":51}},"2":{"start":{"line":4,"column":0},"end":{"line":90,"column":2}},"3":{"start":{"line":7,"column":9},"end":{"line":9,"column":12}},"4":{"start":{"line":10,"column":9},"end":{"line":13,"column":12}},"5":{"start":{"line":16,"column":3},"end":{"line":76,"column":5}},"6":{"start":{"line":78,"column":3},"end":{"line":81,"column":6}},"7":{"start":{"line":80,"column":6},"end":{"line":80,"column":50}},"8":{"start":{"line":82,"column":3},"end":{"line":87,"column":6}},"9":{"start":{"line":84,"column":6},"end":{"line":86,"column":7}},"10":{"start":{"line":85,"column":9},"end":{"line":85,"column":53}},"11":{"start":{"line":89,"column":3},"end":{"line":89,"column":15}}},"fnMap":{"0":{"name":"(anonymous_0)","decl":{"start":{"line":4,"column":17},"end":{"line":4,"column":18}},"loc":{"start":{"line":4,"column":43},"end":{"line":90,"column":1}},"line":4},"1":{"name":"(anonymous_1)","decl":{"start":{"line":6,"column":6},"end":{"line":6,"column":7}},"loc":{"start":{"line":6,"column":31},"end":{"line":14,"column":7}},"line":6},"2":{"name":"(anonymous_2)","decl":{"start":{"line":78,"column":21},"end":{"line":78,"column":22}},"loc":{"start":{"line":78,"column":40},"end":{"line":81,"column":4}},"line":78},"3":{"name":"(anonymous_3)","decl":{"start":{"line":82,"column":21},"end":{"line":82,"column":22}},"loc":{"start":{"line":82,"column":40},"end":{"line":87,"column":4}},"line":82}},"branchMap":{"0":{"loc":{"start":{"line":84,"column":6},"end":{"line":86,"column":7}},"type":"if","locations":[{"start":{"line":84,"column":6},"end":{"line":86,"column":7}},{"start":{},"end":{}}],"line":84}},"s":{"0":1,"1":1,"2":1,"3":1,"4":1,"5":1,"6":1,"7":2,"8":1,"9":0,"10":0,"11":1},"f":{"0":1,"1":1,"2":2,"3":0},"b":{"0":[0,0]},"_coverageSchema":"1a1c01bbd47fc00a2c39e90264f33305004495a9","hash":"1ced0b63666b5c37e4a19dcc0d93ae4c07d8ef66"}
}
