TN:
SF:app.js
FNF:0
FNH:0
DA:1,3
DA:2,3
DA:3,3
DA:4,3
DA:5,3
DA:6,3
DA:7,3
DA:8,3
DA:9,3
DA:13,3
DA:16,3
DA:17,3
DA:18,3
DA:19,3
DA:20,3
DA:21,3
DA:23,3
DA:24,3
DA:25,3
DA:26,3
DA:27,3
DA:28,3
DA:29,3
DA:31,3
DA:32,3
DA:33,3
DA:34,3
DA:35,3
DA:36,3
DA:39,3
DA:47,3
LF:31
LH:31
BRF:0
BRH:0
end_of_record
TN:
SF:controllers\authController.js
FN:9,(anonymous_0)
FN:32,(anonymous_1)
FNF:2
FNH:2
FNDA:13,(anonymous_0)
FNDA:11,(anonymous_1)
DA:1,3
DA:2,3
DA:3,3
DA:4,3
DA:6,3
DA:8,3
DA:10,13
DA:11,13
DA:13,13
DA:19,3
DA:28,10
DA:29,10
DA:33,11
DA:34,11
DA:35,11
DA:36,3
DA:41,8
DA:42,2
DA:47,6
DA:52,6
DA:53,2
DA:58,4
DA:59,4
DA:60,2
DA:65,2
DA:69,2
DA:70,2
DA:75,9
DA:76,9
LF:29
LH:29
BRDA:35,0,0,3
BRDA:35,0,1,8
BRDA:41,1,0,2
BRDA:41,1,1,6
BRDA:52,2,0,2
BRDA:52,2,1,4
BRDA:59,3,0,2
BRDA:59,3,1,2
BRF:8
BRH:8
end_of_record
TN:
SF:controllers\controller.js
FN:6,(anonymous_0)
FN:26,(anonymous_1)
FN:42,(anonymous_2)
FN:77,(anonymous_3)
FN:99,(anonymous_4)
FN:137,(anonymous_5)
FN:154,(anonymous_6)
FN:189,(anonymous_7)
FN:199,(anonymous_8)
FN:207,(anonymous_9)
FN:237,(anonymous_10)
FN:249,(anonymous_11)
FN:255,(anonymous_12)
FN:268,(anonymous_13)
FN:274,(anonymous_14)
FNF:15
FNH:15
FNDA:13,(anonymous_0)
FNDA:28,(anonymous_1)
FNDA:11,(anonymous_2)
FNDA:13,(anonymous_3)
FNDA:14,(anonymous_4)
FNDA:5,(anonymous_5)
FNDA:10,(anonymous_6)
FNDA:12,(anonymous_7)
FNDA:15,(anonymous_8)
FNDA:15,(anonymous_9)
FNDA:5,(anonymous_10)
FNDA:12,(anonymous_11)
FNDA:3,(anonymous_12)
FNDA:3,(anonymous_13)
FNDA:2,(anonymous_14)
DA:1,3
DA:2,3
DA:3,3
DA:5,3
DA:7,13
DA:8,13
DA:9,13
DA:10,13
DA:18,10
DA:22,3
DA:23,3
DA:27,28
DA:28,28
DA:29,28
DA:30,28
DA:31,28
DA:32,7
DA:36,28
DA:38,7
DA:39,7
DA:40,7
DA:42,11
DA:45,7
DA:46,7
DA:47,7
DA:50,28
DA:51,28
DA:52,1
DA:54,27
DA:55,3
DA:60,24
DA:67,24
DA:74,4
DA:78,13
DA:79,13
DA:82,13
DA:83,13
DA:84,6
DA:87,7
DA:88,6
DA:89,3
DA:91,3
DA:95,10
DA:96,10
DA:100,14
DA:101,14
DA:102,14
DA:105,14
DA:106,14
DA:112,3
DA:115,11
DA:116,11
DA:117,2
DA:119,9
DA:122,9
DA:123,3
DA:128,6
DA:129,6
DA:134,8
DA:138,5
DA:139,5
DA:140,5
DA:145,5
DA:146,1
DA:149,4
DA:151,0
DA:155,10
DA:156,10
DA:159,10
DA:160,10
DA:166,2
DA:169,8
DA:171,8
DA:172,5
DA:174,3
DA:175,1
DA:180,2
DA:182,2
DA:186,8
DA:190,12
DA:191,12
DA:192,12
DA:193,2
DA:198,10
DA:199,10
DA:200,15
DA:205,10
DA:207,15
DA:211,10
DA:212,10
DA:213,10
DA:214,10
DA:215,10
DA:219,10
DA:220,1
DA:227,10
DA:233,2
DA:234,2
DA:238,5
DA:239,5
DA:248,5
DA:249,12
DA:252,0
DA:256,3
DA:258,3
DA:267,3
DA:268,3
DA:271,0
DA:275,2
DA:276,2
DA:277,2
DA:280,2
DA:281,0
DA:283,2
DA:287,0
LF:115
LH:110
BRDA:28,0,0,18
BRDA:28,1,0,17
BRDA:31,2,0,7
BRDA:31,2,1,21
BRDA:36,3,0,7
BRDA:36,3,1,21
BRDA:39,4,0,7
BRDA:39,4,1,0
BRDA:46,5,0,7
BRDA:46,5,1,0
BRDA:46,6,0,7
BRDA:46,6,1,7
BRDA:50,7,0,2
BRDA:50,7,1,26
BRDA:51,8,0,1
BRDA:51,8,1,27
BRDA:54,9,0,3
BRDA:54,9,1,24
BRDA:54,10,0,27
BRDA:54,10,1,0
BRDA:54,10,2,27
BRDA:54,10,3,25
BRDA:83,11,0,6
BRDA:83,11,1,7
BRDA:83,12,0,13
BRDA:83,12,1,13
BRDA:83,12,2,9
BRDA:88,13,0,3
BRDA:88,13,1,3
BRDA:106,14,0,3
BRDA:106,14,1,11
BRDA:107,15,0,14
BRDA:107,15,1,14
BRDA:107,15,2,12
BRDA:107,15,3,11
BRDA:116,16,0,2
BRDA:116,16,1,9
BRDA:122,17,0,3
BRDA:122,17,1,6
BRDA:145,18,0,1
BRDA:145,18,1,4
BRDA:145,19,0,5
BRDA:145,19,1,5
BRDA:160,20,0,2
BRDA:160,20,1,8
BRDA:161,21,0,10
BRDA:161,21,1,10
BRDA:161,21,2,9
BRDA:161,21,3,8
BRDA:171,22,0,5
BRDA:171,22,1,3
BRDA:174,23,0,1
BRDA:174,23,1,2
BRDA:192,24,0,2
BRDA:192,24,1,10
BRDA:219,25,0,1
BRDA:219,25,1,9
BRDA:280,26,0,0
BRDA:280,26,1,2
BRF:59
BRH:55
end_of_record
TN:
SF:helpers\hash.js
FN:3,(anonymous_0)
FN:8,(anonymous_1)
FNF:2
FNH:2
FNDA:16,(anonymous_0)
FNDA:6,(anonymous_1)
DA:1,4
DA:3,4
DA:4,16
DA:5,16
DA:8,4
DA:9,6
DA:12,4
LF:7
LH:7
BRF:0
BRH:0
end_of_record
TN:
SF:helpers\jwt.js
FN:6,(anonymous_0)
FN:15,(anonymous_1)
FNF:2
FNH:2
FNDA:12,(anonymous_0)
FNDA:122,(anonymous_1)
DA:1,4
DA:2,4
DA:4,4
DA:5,4
DA:7,12
DA:12,12
DA:16,122
LF:7
LH:7
BRF:0
BRH:0
end_of_record
TN:
SF:middlewares\authentication.js
FN:4,authentication
FNF:1
FNH:1
FNDA:149,authentication
DA:1,4
DA:2,4
DA:4,4
DA:5,149
DA:6,149
DA:7,149
DA:8,22
DA:10,127
DA:11,127
DA:12,8
DA:14,119
DA:15,113
DA:16,113
DA:17,1
DA:19,112
DA:25,112
DA:27,37
LF:17
LH:17
BRDA:7,0,0,22
BRDA:7,0,1,127
BRDA:11,1,0,8
BRDA:11,1,1,119
BRDA:11,2,0,127
BRDA:11,2,1,122
BRDA:16,3,0,1
BRDA:16,3,1,112
BRF:8
BRH:8
end_of_record
TN:
SF:middlewares\authorization.js
FN:1,(anonymous_0)
FNF:1
FNH:1
FNDA:2,(anonymous_0)
DA:1,4
DA:2,2
DA:4,2
DA:5,1
DA:9,1
DA:12,4
LF:6
LH:6
BRDA:4,0,0,1
BRDA:4,0,1,1
BRF:2
BRH:2
end_of_record
TN:
SF:middlewares\errorHandler.js
FN:1,errorHandler
FNF:1
FNH:1
FNDA:121,errorHandler
DA:1,5
DA:2,121
DA:3,121
DA:4,121
DA:6,121
DA:8,18
DA:9,18
DA:10,18
DA:13,26
DA:14,26
DA:15,26
DA:17,3
DA:18,3
DA:19,3
DA:21,34
DA:22,34
DA:23,34
DA:25,7
DA:26,7
DA:27,7
DA:29,14
DA:30,14
DA:31,14
DA:33,4
DA:34,4
DA:35,4
DA:37,3
DA:38,3
DA:39,3
DA:41,5
DA:42,5
DA:43,5
DA:46,121
LF:33
LH:33
BRDA:6,0,0,18
BRDA:6,0,1,3
BRDA:6,0,2,26
BRDA:6,0,3,3
BRDA:6,0,4,34
BRDA:6,0,5,7
BRDA:6,0,6,14
BRDA:6,0,7,4
BRDA:6,0,8,3
BRDA:6,0,9,5
BRDA:9,1,0,18
BRDA:9,1,1,0
BRDA:14,2,0,26
BRDA:14,2,1,1
BRDA:18,3,0,3
BRDA:18,3,1,1
BRDA:22,4,0,34
BRDA:22,4,1,0
BRDA:30,5,0,14
BRDA:30,5,1,2
BRDA:34,6,0,4
BRDA:34,6,1,1
BRDA:38,7,0,3
BRDA:38,7,1,1
BRDA:42,8,0,5
BRDA:42,8,1,1
BRF:26
BRH:24
end_of_record
TN:
SF:models\book.js
FN:3,(anonymous_0)
FN:5,(anonymous_1)
FNF:2
FNH:2
FNDA:4,(anonymous_0)
FNDA:4,(anonymous_1)
DA:2,4
DA:3,4
DA:6,4
DA:11,4
DA:26,4
LF:5
LH:5
BRF:0
BRH:0
end_of_record
TN:
SF:models\favoritebook.js
FN:3,(anonymous_0)
FN:5,(anonymous_1)
FNF:2
FNH:2
FNDA:4,(anonymous_0)
FNDA:4,(anonymous_1)
DA:2,4
DA:3,4
DA:6,4
DA:9,4
DA:14,4
DA:24,4
LF:6
LH:6
BRF:0
BRH:0
end_of_record
TN:
SF:models\transaction.js
FN:3,(anonymous_0)
FN:10,(anonymous_1)
FNF:2
FNH:2
FNDA:4,(anonymous_0)
FNDA:4,(anonymous_1)
DA:2,4
DA:3,4
DA:12,4
DA:18,4
DA:29,4
LF:5
LH:5
BRF:0
BRH:0
end_of_record
TN:
SF:models\user.js
FN:4,(anonymous_0)
FN:6,(anonymous_1)
FN:78,(anonymous_2)
FN:82,(anonymous_3)
FNF:4
FNH:3
FNDA:4,(anonymous_0)
FNDA:4,(anonymous_1)
FNDA:10,(anonymous_2)
FNDA:0,(anonymous_3)
DA:2,4
DA:3,4
DA:4,4
DA:7,4
DA:10,4
DA:16,4
DA:78,4
DA:80,10
DA:82,4
DA:84,0
DA:85,0
DA:89,4
LF:12
LH:10
BRDA:84,0,0,0
BRDA:84,0,1,0
BRF:2
BRH:0
end_of_record
